<?xml version="1.0" encoding="UTF-8"?>
<!-- Generated by org.testng.reporters.JUnitXMLReporter -->
<testsuite hostname="DESKTOP-R31J20A" ignored="0" name="Hub Spot Regression Test" tests="3" failures="0" timestamp="17 Mar 2020 01:28:24 GMT" time="36.545" errors="0">
  <testcase name="verifyLoginPagetitleTest" time="0.016" classname="com.qa.hubspot.tests.LoginTest"/>
  <testcase name="verifySignUpLinkTest" time="0.071" classname="com.qa.hubspot.tests.LoginTest"/>
  <testcase name="doLogin" time="0.369" classname="com.qa.hubspot.tests.LoginTest"/>
</testsuite> <!-- Hub Spot Regression Test -->
