<?xml version="1.0" encoding="UTF-8"?>
<!-- Generated by org.testng.reporters.JUnitXMLReporter -->
<testsuite hostname="DESKTOP-R31J20A" ignored="0" name="Hub Spot Regression Test" tests="3" failures="0" timestamp="27 Feb 2020 17:40:50 GMT" time="36.248" errors="0">
  <testcase name="verifyLoginPagetitleTest" time="0.013" classname="com.qa.hubspot.tests.LoginTest"/>
  <testcase name="verifySignUpLinkTest" time="0.072" classname="com.qa.hubspot.tests.LoginTest"/>
  <testcase name="doLogin" time="0.718" classname="com.qa.hubspot.tests.LoginTest"/>
</testsuite> <!-- Hub Spot Regression Test -->
