<?xml version="1.0" encoding="UTF-8"?>
<testng-results skipped="0" failed="0" ignored="0" total="3" passed="3">
  <reporter-output>
  </reporter-output>
  <suite name="Hub Spot Test Suit" duration-ms="36545" started-at="2020-03-17T01:27:47Z" finished-at="2020-03-17T01:28:24Z">
    <groups>
    </groups>
    <test name="Hub Spot Regression Test" duration-ms="36545" started-at="2020-03-17T01:27:47Z" finished-at="2020-03-17T01:28:24Z">
      <class name="com.qa.hubspot.tests.LoginTest">
        <test-method status="PASS" signature="setUp()[pri:0, instance:com.qa.hubspot.tests.LoginTest@d2e7d9]" name="setUp" is-config="true" duration-ms="11810" started-at="2020-03-17T01:27:47Z" finished-at="2020-03-17T01:27:59Z">
          <reporter-output>
          </reporter-output>
        </test-method> <!-- setUp -->
        <test-method status="PASS" signature="verifyLoginPagetitleTest()[pri:1, instance:com.qa.hubspot.tests.LoginTest@d2e7d9]" name="verifyLoginPagetitleTest" duration-ms="16" started-at="2020-03-17T01:27:59Z" finished-at="2020-03-17T01:27:59Z">
          <reporter-output>
          </reporter-output>
        </test-method> <!-- verifyLoginPagetitleTest -->
        <test-method status="PASS" signature="tearDown()[pri:0, instance:com.qa.hubspot.tests.LoginTest@d2e7d9]" name="tearDown" is-config="true" duration-ms="600" started-at="2020-03-17T01:27:59Z" finished-at="2020-03-17T01:27:59Z">
          <reporter-output>
          </reporter-output>
        </test-method> <!-- tearDown -->
        <test-method status="PASS" signature="setUp()[pri:0, instance:com.qa.hubspot.tests.LoginTest@d2e7d9]" name="setUp" is-config="true" duration-ms="11282" started-at="2020-03-17T01:27:59Z" finished-at="2020-03-17T01:28:11Z">
          <reporter-output>
          </reporter-output>
        </test-method> <!-- setUp -->
        <test-method status="PASS" signature="verifySignUpLinkTest()[pri:2, instance:com.qa.hubspot.tests.LoginTest@d2e7d9]" name="verifySignUpLinkTest" duration-ms="71" started-at="2020-03-17T01:28:11Z" finished-at="2020-03-17T01:28:11Z">
          <reporter-output>
          </reporter-output>
        </test-method> <!-- verifySignUpLinkTest -->
        <test-method status="PASS" signature="tearDown()[pri:0, instance:com.qa.hubspot.tests.LoginTest@d2e7d9]" name="tearDown" is-config="true" duration-ms="583" started-at="2020-03-17T01:28:11Z" finished-at="2020-03-17T01:28:11Z">
          <reporter-output>
          </reporter-output>
        </test-method> <!-- tearDown -->
        <test-method status="PASS" signature="setUp()[pri:0, instance:com.qa.hubspot.tests.LoginTest@d2e7d9]" name="setUp" is-config="true" duration-ms="11214" started-at="2020-03-17T01:28:11Z" finished-at="2020-03-17T01:28:23Z">
          <reporter-output>
          </reporter-output>
        </test-method> <!-- setUp -->
        <test-method status="PASS" signature="doLogin()[pri:3, instance:com.qa.hubspot.tests.LoginTest@d2e7d9]" name="doLogin" duration-ms="369" started-at="2020-03-17T01:28:23Z" finished-at="2020-03-17T01:28:23Z">
          <reporter-output>
          </reporter-output>
        </test-method> <!-- doLogin -->
        <test-method status="PASS" signature="tearDown()[pri:0, instance:com.qa.hubspot.tests.LoginTest@d2e7d9]" name="tearDown" is-config="true" duration-ms="579" started-at="2020-03-17T01:28:23Z" finished-at="2020-03-17T01:28:24Z">
          <reporter-output>
          </reporter-output>
        </test-method> <!-- tearDown -->
      </class> <!-- com.qa.hubspot.tests.LoginTest -->
    </test> <!-- Hub Spot Regression Test -->
  </suite> <!-- Hub Spot Test Suit -->
</testng-results>
