<?xml version="1.0" encoding="UTF-8"?>
<!-- Generated by org.testng.reporters.JUnitXMLReporter -->
<testsuite hostname="DESKTOP-R31J20A" ignored="0" name="Hub Spot Regression Test" tests="3" failures="0" timestamp="17 Mar 2020 14:52:07 GMT" time="36.756" errors="0">
  <testcase name="verifyLoginPagetitleTest" time="0.032" classname="com.qa.hubspot.tests.LoginTest"/>
  <testcase name="verifySignUpLinkTest" time="0.058" classname="com.qa.hubspot.tests.LoginTest"/>
  <testcase name="doLogin" time="0.371" classname="com.qa.hubspot.tests.LoginTest"/>
</testsuite> <!-- Hub Spot Regression Test -->
